<?xml version="1.0" encoding="UTF-8"?>
<!-- Generated by org.testng.reporters.JUnitReportReporter -->
<testsuite name="konferencja.AppTest" tests="2" time="12.045" ignored="0" failures="0" timestamp="30 Jun 2017 22:29:15 GMT" skipped="0" hostname="T520" errors="0">
  <testcase name="addReviewers" time="2.176" classname="konferencja.AppTest"/>
  <testcase name="addUsersArticles" time="9.869" classname="konferencja.AppTest"/>
</testsuite> <!-- konferencja.AppTest -->
